Proxy environment variables detected. We'll use your proxy for fetch requests.

 вӣ…пёҸ wrangler 4.80.0 (update available 4.95.0)
в”Җв”Җв”Җв”Җв”Җв”Җв”Җв”Җв”Җв”Җв”Җв”Җв”Җв”Җв”Җв”Җв”Җв”Җв”Җв”Җв”Җв”Җв”Җв”Җв”Җв”Җв”Җв”Җв”Җв”Җв”Җв”Җв”Җв”Җв”Җв”Җв”Җв”Җв”Җв”Җв”Җв”Җв”Җв”Җв”Җ

[31mвңҳ [41;31m[[41;97mERROR[41;31m][0m [1mA request to the Cloudflare API (/accounts/2e169f09e655087ce02c764d8fc73492/pages/projects/claw-docs/upload-token) failed.[0m

  Authentication error [code: 10000]


рҹ“Һ It looks like you are authenticating Wrangler via a custom API token set in an environment variable.
Please ensure it has the correct permissions for this operation.

Getting User settings...
рҹ‘Ӣ You are logged in with an Account API Token, associated with the account Business@seeles.ai's Account.
в„№пёҸ  The API Token is read from the CLOUDFLARE_API_TOKEN environment variable.
в”Ңв”Җв”Җв”Җв”Җв”Җв”Җв”Җв”Җв”Җв”Җв”Җв”Җв”Җв”Җв”Җв”Җв”Җв”Җв”Җв”Җв”Җв”Җв”Җв”Җв”Җв”Җв”Җв”Җв”Җв”Җв”¬в”Җв”Җв”Җв”Җв”Җв”Җв”Җв”Җв”Җв”Җв”Җв”Җв”Җв”Җв”Җв”Җв”Җв”Җв”Җв”Җв”Җв”Җв”Җв”Җв”Җв”Җв”Җв”Җв”Җв”Җв”Җв”Җв”Җв”Җв”җ
в”Ӯ Account Name                 в”Ӯ Account ID                       в”Ӯ
в”ңв”Җв”Җв”Җв”Җв”Җв”Җв”Җв”Җв”Җв”Җв”Җв”Җв”Җв”Җв”Җв”Җв”Җв”Җв”Җв”Җв”Җв”Җв”Җв”Җв”Җв”Җв”Җв”Җв”Җв”Җв”јв”Җв”Җв”Җв”Җв”Җв”Җв”Җв”Җв”Җв”Җв”Җв”Җв”Җв”Җв”Җв”Җв”Җв”Җв”Җв”Җв”Җв”Җв”Җв”Җв”Җв”Җв”Җв”Җв”Җв”Җв”Җв”Җв”Җв”Җв”Ө
в”Ӯ Business@seeles.ai's Account в”Ӯ 2e169f09e655087ce02c764d8fc73492 в”Ӯ
в””в”Җв”Җв”Җв”Җв”Җв”Җв”Җв”Җв”Җв”Җв”Җв”Җв”Җв”Җв”Җв”Җв”Җв”Җв”Җв”Җв”Җв”Җв”Җв”Җв”Җв”Җв”Җв”Җв”Җв”Җв”ҙв”Җв”Җв”Җв”Җв”Җв”Җв”Җв”Җв”Җв”Җв”Җв”Җв”Җв”Җв”Җв”Җв”Җв”Җв”Җв”Җв”Җв”Җв”Җв”Җв”Җв”Җв”Җв”Җв”Җв”Җв”Җв”Җв”Җв”Җв”ҳ
рҹ”“ To see token permissions visit https://dash.cloudflare.com/2e169f09e655087ce02c764d8fc73492/api-tokens.

[31mвңҳ [41;31m[[41;97mERROR[41;31m][0m [1mA request to the Cloudflare API (/memberships) failed.[0m

  Authentication failed (status: 400) [code: 9106]
  
  If you think this is a bug, please open an issue at: [4mhttps://github.com/cloudflare/workers-sdk/issues/new/choose[0m


рҹӘө  Logs were written to "/Users/seeles/.wrangler/logs/wrangler-2026-05-30_10-59-03_883.log"
